MIXREGLS: Mixed-effects Location Scale Model with BS and WS variance models

-----------------------------
MIXREGLS.DEF specifications
-----------------------------
 Analysis of Positive Mood - 11 quad pts                                 
 Random Int and random scale                                             

 data and output files:
 PMLevel_revised2.dat                                                            
 PMactive2_ls_reg_1.out                                                          

 CONVERGENCE CRITERION =  0.00001000
 RIDGEIN    =   0.1000
 NQ         =   11
 QUADRATURE =    1 (0=non-adaptive, 1=adaptive)
 MAXIT      =  200


------------
Descriptives
------------

 Number of level-1 observations =     4292

 Number of level-2 clusters     =      107

 Number of level-1 observations for each level-2 cluster
     42    48    38    51    50    46    47    49    53    40    44    49    47
     46    38    54    40    44    33    52    43    40    48    43    47    21
     54    33    51    26    48    11    22    24    25    48    43    44    26
     48     5    45    33    49    33    60    34    43    25    34    51    30
     41    49    29    46    17    28    60    50    41    51    48    14    48
     48    60    40    37    50    63    19    21    16    57    51    43    63
     18    48    52    35    37     9    36    23    54    13    43    36    50
     44    13    41    47    24    21    50    55    47    51    51    26    28
     41    62    49

 Dependent variable
                         mean         min         max     std dev
 ----------------------------------------------------------------
 posmood10            30.6289     10.0000     50.0000     10.0369

 Mean model covariates
                         mean         min         max     std dev
 ----------------------------------------------------------------
 Intercept             1.0000      1.0000      1.0000      0.0000
 genderM               0.2775      0.0000      1.0000      0.4478
 LnAct_Before_BS       3.8021      1.0701      5.2094      0.8694
 LnAct_Before_WS       0.0000     -5.2094      6.4057      2.2176

 BS variance model covariates
                         mean         min         max     std dev
 ----------------------------------------------------------------
 Intercept             1.0000      1.0000      1.0000      0.0000
 genderM               0.2775      0.0000      1.0000      0.4478
 LnAct_Before_BS       3.8021      1.0701      5.2094      0.8694
 LnAct_Before_WS       0.0000     -5.2094      6.4057      2.2176

 WS variance model covariates
                         mean         min         max     std dev
 ----------------------------------------------------------------
 Intercept             1.0000      1.0000      1.0000      0.0000
 genderM               0.2775      0.0000      1.0000      0.4478
 LnAct_Before_BS       3.8021      1.0701      5.2094      0.8694
 LnAct_Before_WS       0.0000     -5.2094      6.4057      2.2176

